<?xml version="1.0" encoding="UTF-8"?>
<!-- Generated by org.testng.reporters.JUnitReportReporter -->
<testsuite hostname="DESKTOP-0KUL8A4" failures="0" tests="1" name="c1658_1.ExamBank" time="16.611" errors="0" timestamp="2022-11-21T10:33:49 IST" skipped="0">
  <testcase classname="c1658_1.ExamBank" name="examBank" time="16.611"/>
  <system-out/>
</testsuite> <!-- c1658_1.ExamBank -->
